<?xml version="1.0" encoding="UTF-8"?>
<Site BuildName="Linux-x86_64-linux-gnu-g++-9"
	BuildStamp="20200509-0409-Experimental"
	Name="matt-UbuntuPC"
	Generator="ctest-3.16.3"
	CompilerName="/bin/x86_64-linux-gnu-g++-9"
	CompilerVersion="9.3.0"
	OSName="Linux"
	Hostname="matt-UbuntuPC"
	OSRelease="5.4.0-29-generic"
	OSVersion="#33-Ubuntu SMP Wed Apr 29 14:32:27 UTC 2020"
	OSPlatform="x86_64"
	Is64Bits="1"
	VendorString="GenuineIntel"
	VendorID="Intel Corporation"
	FamilyID="6"
	ModelID="58"
	ProcessorCacheSize="8192"
	NumberOfLogicalCPU="8"
	NumberOfPhysicalCPU="4"
	TotalVirtualMemory="2047"
	TotalPhysicalMemory="15973"
	LogicalProcessorsPerPhysical="2"
	ProcessorClockFrequency="3340.71"
	>
	<Testing>
		<StartDateTime>May 09 00:09 EDT</StartDateTime>
		<StartTestTime>1588997384</StartTestTime>
		<TestList/>
		<EndDateTime>May 09 00:09 EDT</EndDateTime>
		<EndTestTime>1588997384</EndTestTime>
		<ElapsedMinutes>0</ElapsedMinutes>
	</Testing>
</Site>
